  --non-interactive is not supported, use $CI=1 instead
"shadow*" style props are deprecated. Use "boxShadow".
Require cycle: hooks/use-auth.tsx -> services/auth.ts -> hooks/use-auth.tsx

Require cycles are allowed, but can result in uninitialized values. Consider refactoring to remove the need for a cycle.
[expo-av]: Expo AV has been deprecated and will be removed in SDK 54. Use the `expo-audio` and `expo-video` packages to replace the required functionality.
λ  WARN  props.pointerEvents is deprecated. Use style.pointerEvents 
  console.warn (C:\Users\Admin\Desktop\projetos\vida-sync-app\node_modules\expo\node_modules\@expo\cli\src\start\server\serverLogLikeMetro.ts:161:21)
  warnOnce (C:\Users\Admin\Desktop\projetos\vida-sync-app\node_modules\react-native-web\dist\modules\warnOnce\index.js:24:13)
  createDOMProps (C:\Users\Admin\Desktop\projetos\vida-sync-app\node_modules\react-native-web\dist\modules\createDOMProps\index.js:805:13)
  createElement (C:\Users\Admin\Desktop\projetos\vida-sync-app\node_modules\react-native-web\dist\exports\createElement\index.js:23:32)
  Component (C:\Users\Admin\Desktop\projetos\vida-sync-app\node_modules\react-native-web\dist\exports\View\index.js:111:23)
  Object.callComponentInDEV [as react-stack-bottom-frame] (C:\Users\Admin\Desktop\projetos\vida-sync-app\node_modules\react-dom\cjs\react-dom-server-legacy.node.development.js:8970:18)
  renderWithHooks (C:\Users\Admin\Desktop\projetos\vida-sync-app\node_modules\react-dom\cjs\react-dom-server-legacy.node.development.js:4699:19)
  run (C:\Users\Admin\Desktop\projetos\vida-sync-app\node_modules\react-dom\cjs\react-dom-server-legacy.node.development.js:5539:39)
  retryNode (C:\Users\Admin\Desktop\projetos\vida-sync-app\node_modules\react-dom\cjs\react-dom-server-legacy.node.development.js:5899:31)
  renderNodeDestructive (C:\Users\Admin\Desktop\projetos\vida-sync-app\node_modules\react-dom\cjs\react-dom-server-legacy.node.development.js:5849:11)
Error: Cannot pipe to a closed or destroyed stream
    at pipelineImpl (node:internal/streams/pipeline:264:15)
    at node:stream/promises:31:5
    at new Promise (<anonymous>)
    at pipeline (node:stream/promises:20:10)
    at respond (C:\Users\Admin\Desktop\projetos\vida-sync-app\node_modules\expo-server\src\vendor\http.ts:138:19)
    at C:\Users\Admin\Desktop\projetos\vida-sync-app\node_modules\expo-server\src\vendor\http.ts:68:13
    at processTicksAndRejections (node:internal/process/task_queues:103:5)
